

================================================================
== Vitis HLS Report for 'ecc_decoder'
================================================================
* Date:           Tue Dec  7 18:58:16 2021

* Version:        2021.1 (Build 3247384 on Thu Jun 10 19:36:33 MDT 2021)
* Project:        ecc
* Solution:       solution1 (Vivado IP Flow Target)
* Product family: zynq
* Target device:  xc7z020-clg400-1


================================================================
== Performance Estimates
================================================================
+ Timing: 
    * Summary: 
    +--------+----------+----------+------------+
    |  Clock |  Target  | Estimated| Uncertainty|
    +--------+----------+----------+------------+
    |ap_clk  |  10.00 ns|  6.441 ns|     2.70 ns|
    +--------+----------+----------+------------+

+ Latency: 
    * Summary: 
    +---------+---------+-----------+-----------+-----+-----+---------+
    |  Latency (cycles) |   Latency (absolute)  |  Interval | Pipeline|
    |   min   |   max   |    min    |    max    | min | max |   Type  |
    +---------+---------+-----------+-----------+-----+-----+---------+
    |        1|        1|  10.000 ns|  10.000 ns|    2|    2|       no|
    +---------+---------+-----------+-----------+-----+-----+---------+

    + Detail: 
        * Instance: 
        N/A

        * Loop: 
        N/A



================================================================
== Utilization Estimates
================================================================
* Summary: 
+-----------------+---------+-----+--------+-------+-----+
|       Name      | BRAM_18K| DSP |   FF   |  LUT  | URAM|
+-----------------+---------+-----+--------+-------+-----+
|DSP              |        -|    -|       -|      -|    -|
|Expression       |        -|    -|       0|    149|    -|
|FIFO             |        -|    -|       -|      -|    -|
|Instance         |        -|    -|       -|      -|    -|
|Memory           |        -|    -|       -|      -|    -|
|Multiplexer      |        -|    -|       -|     14|    -|
|Register         |        -|    -|       7|      -|    -|
+-----------------+---------+-----+--------+-------+-----+
|Total            |        0|    0|       7|    163|    0|
+-----------------+---------+-----+--------+-------+-----+
|Available        |      280|  220|  106400|  53200|    0|
+-----------------+---------+-----+--------+-------+-----+
|Utilization (%)  |        0|    0|      ~0|     ~0|    0|
+-----------------+---------+-----+--------+-------+-----+

+ Detail: 
    * Instance: 
    N/A

    * DSP: 
    N/A

    * Memory: 
    N/A

    * FIFO: 
    N/A

    * Expression: 
    +------------------------+----------+----+---+----+------------+------------+
    |      Variable Name     | Operation| DSP| FF| LUT| Bitwidth P0| Bitwidth P1|
    +------------------------+----------+----+---+----+------------+------------+
    |and_ln83_10_fu_457_p2   |       and|   0|  0|   2|           1|           1|
    |and_ln83_11_fu_462_p2   |       and|   0|  0|   2|           1|           1|
    |and_ln83_12_fu_472_p2   |       and|   0|  0|   2|           1|           1|
    |and_ln83_13_fu_478_p2   |       and|   0|  0|   2|           1|           1|
    |and_ln83_14_fu_483_p2   |       and|   0|  0|   2|           1|           1|
    |and_ln83_15_fu_489_p2   |       and|   0|  0|   2|           1|           1|
    |and_ln83_16_fu_494_p2   |       and|   0|  0|   2|           1|           1|
    |and_ln83_17_fu_499_p2   |       and|   0|  0|   2|           1|           1|
    |and_ln83_18_fu_504_p2   |       and|   0|  0|   2|           1|           1|
    |and_ln83_19_fu_510_p2   |       and|   0|  0|   2|           1|           1|
    |and_ln83_1_fu_398_p2    |       and|   0|  0|   2|           1|           1|
    |and_ln83_20_fu_515_p2   |       and|   0|  0|   2|           1|           1|
    |and_ln83_21_fu_520_p2   |       and|   0|  0|   2|           1|           1|
    |and_ln83_22_fu_526_p2   |       and|   0|  0|   2|           1|           1|
    |and_ln83_23_fu_530_p2   |       and|   0|  0|   2|           1|           1|
    |and_ln83_24_fu_536_p2   |       and|   0|  0|   2|           1|           1|
    |and_ln83_25_fu_542_p2   |       and|   0|  0|   2|           1|           1|
    |and_ln83_2_fu_403_p2    |       and|   0|  0|   2|           1|           1|
    |and_ln83_3_fu_409_p2    |       and|   0|  0|   2|           1|           1|
    |and_ln83_4_fu_415_p2    |       and|   0|  0|   2|           1|           1|
    |and_ln83_5_fu_425_p2    |       and|   0|  0|   2|           1|           1|
    |and_ln83_6_fu_431_p2    |       and|   0|  0|   2|           1|           1|
    |and_ln83_7_fu_436_p2    |       and|   0|  0|   2|           1|           1|
    |and_ln83_8_fu_441_p2    |       and|   0|  0|   2|           1|           1|
    |and_ln83_9_fu_451_p2    |       and|   0|  0|   2|           1|           1|
    |and_ln83_fu_394_p2      |       and|   0|  0|   2|           1|           1|
    |valid                   |       and|   0|  0|   2|           1|           1|
    |icmp_ln1053_fu_615_p2   |      icmp|   0|  0|  11|           8|           1|
    |output_r                |       xor|   0|  0|   8|           8|           8|
    |ret_2_fu_322_p2         |       xor|   0|  0|   5|           5|           5|
    |sum_flip_V_fu_609_p2    |       xor|   0|  0|   2|           1|           1|
    |xor_ln1529_1_fu_328_p2  |       xor|   0|  0|   4|           4|           4|
    |xor_ln1529_2_fu_334_p2  |       xor|   0|  0|   3|           3|           3|
    |xor_ln1529_3_fu_340_p2  |       xor|   0|  0|   2|           2|           2|
    |xor_ln217_1_fu_579_p2   |       xor|   0|  0|   2|           1|           1|
    |xor_ln217_2_fu_585_p2   |       xor|   0|  0|   2|           1|           1|
    |xor_ln217_3_fu_591_p2   |       xor|   0|  0|   2|           1|           1|
    |xor_ln217_4_fu_597_p2   |       xor|   0|  0|   2|           1|           1|
    |xor_ln217_5_fu_603_p2   |       xor|   0|  0|   2|           1|           1|
    |xor_ln217_fu_573_p2     |       xor|   0|  0|   2|           1|           1|
    |xor_ln83_1_fu_389_p2    |       xor|   0|  0|   2|           1|           2|
    |xor_ln83_2_fu_420_p2    |       xor|   0|  0|   2|           1|           2|
    |xor_ln83_3_fu_446_p2    |       xor|   0|  0|   2|           1|           2|
    |xor_ln83_4_fu_467_p2    |       xor|   0|  0|   2|           1|           2|
    |xor_ln83_fu_346_p2      |       xor|   0|  0|   2|           1|           1|
    |xor_ln844_10_fu_214_p2  |       xor|   0|  0|   2|           1|           1|
    |xor_ln844_11_fu_220_p2  |       xor|   0|  0|   2|           1|           1|
    |xor_ln844_12_fu_226_p2  |       xor|   0|  0|   2|           1|           1|
    |xor_ln844_13_fu_232_p2  |       xor|   0|  0|   2|           1|           1|
    |xor_ln844_14_fu_238_p2  |       xor|   0|  0|   2|           1|           1|
    |xor_ln844_15_fu_244_p2  |       xor|   0|  0|   2|           1|           1|
    |xor_ln844_16_fu_250_p2  |       xor|   0|  0|   2|           1|           1|
    |xor_ln844_17_fu_256_p2  |       xor|   0|  0|   2|           1|           1|
    |xor_ln844_18_fu_384_p2  |       xor|   0|  0|   2|           1|           2|
    |xor_ln844_1_fu_132_p2   |       xor|   0|  0|   2|           1|           1|
    |xor_ln844_2_fu_138_p2   |       xor|   0|  0|   2|           1|           1|
    |xor_ln844_3_fu_160_p2   |       xor|   0|  0|   2|           1|           1|
    |xor_ln844_4_fu_174_p2   |       xor|   0|  0|   2|           1|           1|
    |xor_ln844_5_fu_180_p2   |       xor|   0|  0|   2|           1|           1|
    |xor_ln844_6_fu_190_p2   |       xor|   0|  0|   2|           1|           1|
    |xor_ln844_7_fu_196_p2   |       xor|   0|  0|   2|           1|           1|
    |xor_ln844_8_fu_202_p2   |       xor|   0|  0|   2|           1|           1|
    |xor_ln844_9_fu_208_p2   |       xor|   0|  0|   2|           1|           1|
    |xor_ln844_fu_126_p2     |       xor|   0|  0|   2|           1|           1|
    +------------------------+----------+----+---+----+------------+------------+
    |Total                   |          |   0|  0| 149|          88|          86|
    +------------------------+----------+----+---+----+------------+------------+

    * Multiplexer: 
    +-----------+----+-----------+-----+-----------+
    |    Name   | LUT| Input Size| Bits| Total Bits|
    +-----------+----+-----------+-----+-----------+
    |ap_NS_fsm  |  14|          3|    1|          3|
    +-----------+----+-----------+-----+-----------+
    |Total      |  14|          3|    1|          3|
    +-----------+----+-----------+-----+-----------+

    * Register: 
    +------------------+---+----+-----+-----------+
    |       Name       | FF| LUT| Bits| Const Bits|
    +------------------+---+----+-----+-----------+
    |ap_CS_fsm         |  2|   0|    2|          0|
    |tmp_10_reg_647    |  1|   0|    1|          0|
    |tmp_11_reg_655    |  1|   0|    1|          0|
    |tmp_12_reg_665    |  1|   0|    1|          0|
    |tmp_9_reg_640     |  1|   0|    1|          0|
    |xor_ln83_reg_633  |  1|   0|    1|          0|
    +------------------+---+----+-----+-----------+
    |Total             |  7|   0|    7|          0|
    +------------------+---+----+-----+-----------+



================================================================
== Interface
================================================================
* Summary: 
+-----------------+-----+-----+------------+--------------+--------------+
|    RTL Ports    | Dir | Bits|  Protocol  | Source Object|    C Type    |
+-----------------+-----+-----+------------+--------------+--------------+
|ap_clk           |   in|    1|  ap_ctrl_hs|   ecc_decoder|  return value|
|ap_rst           |   in|    1|  ap_ctrl_hs|   ecc_decoder|  return value|
|ap_start         |   in|    1|  ap_ctrl_hs|   ecc_decoder|  return value|
|ap_done          |  out|    1|  ap_ctrl_hs|   ecc_decoder|  return value|
|ap_idle          |  out|    1|  ap_ctrl_hs|   ecc_decoder|  return value|
|ap_ready         |  out|    1|  ap_ctrl_hs|   ecc_decoder|  return value|
|data_in          |   in|    8|     ap_none|       data_in|        scalar|
|ecc_in           |   in|    5|     ap_none|        ecc_in|        scalar|
|output_r         |  out|    8|      ap_vld|      output_r|       pointer|
|output_r_ap_vld  |  out|    1|      ap_vld|      output_r|       pointer|
|valid            |  out|    1|      ap_vld|         valid|       pointer|
|valid_ap_vld     |  out|    1|      ap_vld|         valid|       pointer|
+-----------------+-----+-----+------------+--------------+--------------+

