

================================================================
== Vitis HLS Report for 'ecc_decoder'
================================================================
* Date:           Tue Dec  7 18:46:58 2021

* Version:        2021.1 (Build 3247384 on Thu Jun 10 19:36:33 MDT 2021)
* Project:        ecc
* Solution:       solution1 (Vivado IP Flow Target)
* Product family: zynq
* Target device:  xc7z020-clg400-1


================================================================
== Performance Estimates
================================================================
+ Timing: 
    * Summary: 
    +--------+----------+----------+------------+
    |  Clock |  Target  | Estimated| Uncertainty|
    +--------+----------+----------+------------+
    |ap_clk  |  10.00 ns|  6.441 ns|     2.70 ns|
    +--------+----------+----------+------------+

+ Latency: 
    * Summary: 
    +---------+---------+-----------+-----------+-----+-----+---------+
    |  Latency (cycles) |   Latency (absolute)  |  Interval | Pipeline|
    |   min   |   max   |    min    |    max    | min | max |   Type  |
    +---------+---------+-----------+-----------+-----+-----+---------+
    |        1|        1|  10.000 ns|  10.000 ns|    1|    1|      yes|
    +---------+---------+-----------+-----------+-----+-----+---------+

    + Detail: 
        * Instance: 
        N/A

        * Loop: 
        N/A



================================================================
== Utilization Estimates
================================================================
* Summary: 
+-----------------+---------+-----+--------+-------+-----+
|       Name      | BRAM_18K| DSP |   FF   |  LUT  | URAM|
+-----------------+---------+-----+--------+-------+-----+
|DSP              |        -|    -|       -|      -|    -|
|Expression       |        -|    -|       0|    151|    -|
|FIFO             |        -|    -|       -|      -|    -|
|Instance         |        -|    -|       -|      -|    -|
|Memory           |        -|    -|       -|      -|    -|
|Multiplexer      |        -|    -|       -|      -|    -|
|Register         |        -|    -|      15|      -|    -|
+-----------------+---------+-----+--------+-------+-----+
|Total            |        0|    0|      15|    151|    0|
+-----------------+---------+-----+--------+-------+-----+
|Available        |      280|  220|  106400|  53200|    0|
+-----------------+---------+-----+--------+-------+-----+
|Utilization (%)  |        0|    0|      ~0|     ~0|    0|
+-----------------+---------+-----+--------+-------+-----+

+ Detail: 
    * Instance: 
    N/A

    * DSP: 
    N/A

    * Memory: 
    N/A

    * FIFO: 
    N/A

    * Expression: 
    +------------------------+----------+----+---+----+------------+------------+
    |      Variable Name     | Operation| DSP| FF| LUT| Bitwidth P0| Bitwidth P1|
    +------------------------+----------+----+---+----+------------+------------+
    |and_ln83_10_fu_461_p2   |       and|   0|  0|   2|           1|           1|
    |and_ln83_11_fu_466_p2   |       and|   0|  0|   2|           1|           1|
    |and_ln83_12_fu_476_p2   |       and|   0|  0|   2|           1|           1|
    |and_ln83_13_fu_482_p2   |       and|   0|  0|   2|           1|           1|
    |and_ln83_14_fu_487_p2   |       and|   0|  0|   2|           1|           1|
    |and_ln83_15_fu_493_p2   |       and|   0|  0|   2|           1|           1|
    |and_ln83_16_fu_498_p2   |       and|   0|  0|   2|           1|           1|
    |and_ln83_17_fu_503_p2   |       and|   0|  0|   2|           1|           1|
    |and_ln83_18_fu_508_p2   |       and|   0|  0|   2|           1|           1|
    |and_ln83_19_fu_514_p2   |       and|   0|  0|   2|           1|           1|
    |and_ln83_1_fu_402_p2    |       and|   0|  0|   2|           1|           1|
    |and_ln83_20_fu_519_p2   |       and|   0|  0|   2|           1|           1|
    |and_ln83_21_fu_524_p2   |       and|   0|  0|   2|           1|           1|
    |and_ln83_22_fu_530_p2   |       and|   0|  0|   2|           1|           1|
    |and_ln83_23_fu_534_p2   |       and|   0|  0|   2|           1|           1|
    |and_ln83_24_fu_540_p2   |       and|   0|  0|   2|           1|           1|
    |and_ln83_25_fu_546_p2   |       and|   0|  0|   2|           1|           1|
    |and_ln83_2_fu_407_p2    |       and|   0|  0|   2|           1|           1|
    |and_ln83_3_fu_413_p2    |       and|   0|  0|   2|           1|           1|
    |and_ln83_4_fu_419_p2    |       and|   0|  0|   2|           1|           1|
    |and_ln83_5_fu_429_p2    |       and|   0|  0|   2|           1|           1|
    |and_ln83_6_fu_435_p2    |       and|   0|  0|   2|           1|           1|
    |and_ln83_7_fu_440_p2    |       and|   0|  0|   2|           1|           1|
    |and_ln83_8_fu_445_p2    |       and|   0|  0|   2|           1|           1|
    |and_ln83_9_fu_455_p2    |       and|   0|  0|   2|           1|           1|
    |and_ln83_fu_398_p2      |       and|   0|  0|   2|           1|           1|
    |valid                   |       and|   0|  0|   2|           1|           1|
    |icmp_ln1053_fu_619_p2   |      icmp|   0|  0|  11|           8|           1|
    |ap_enable_pp0           |       xor|   0|  0|   2|           1|           2|
    |output_r                |       xor|   0|  0|   8|           8|           8|
    |ret_2_fu_326_p2         |       xor|   0|  0|   5|           5|           5|
    |sum_flip_V_fu_613_p2    |       xor|   0|  0|   2|           1|           1|
    |xor_ln1529_1_fu_332_p2  |       xor|   0|  0|   4|           4|           4|
    |xor_ln1529_2_fu_338_p2  |       xor|   0|  0|   3|           3|           3|
    |xor_ln1529_3_fu_344_p2  |       xor|   0|  0|   2|           2|           2|
    |xor_ln217_1_fu_583_p2   |       xor|   0|  0|   2|           1|           1|
    |xor_ln217_2_fu_589_p2   |       xor|   0|  0|   2|           1|           1|
    |xor_ln217_3_fu_595_p2   |       xor|   0|  0|   2|           1|           1|
    |xor_ln217_4_fu_601_p2   |       xor|   0|  0|   2|           1|           1|
    |xor_ln217_5_fu_607_p2   |       xor|   0|  0|   2|           1|           1|
    |xor_ln217_fu_577_p2     |       xor|   0|  0|   2|           1|           1|
    |xor_ln83_1_fu_393_p2    |       xor|   0|  0|   2|           1|           2|
    |xor_ln83_2_fu_424_p2    |       xor|   0|  0|   2|           1|           2|
    |xor_ln83_3_fu_450_p2    |       xor|   0|  0|   2|           1|           2|
    |xor_ln83_4_fu_471_p2    |       xor|   0|  0|   2|           1|           2|
    |xor_ln83_fu_350_p2      |       xor|   0|  0|   2|           1|           1|
    |xor_ln844_10_fu_218_p2  |       xor|   0|  0|   2|           1|           1|
    |xor_ln844_11_fu_224_p2  |       xor|   0|  0|   2|           1|           1|
    |xor_ln844_12_fu_230_p2  |       xor|   0|  0|   2|           1|           1|
    |xor_ln844_13_fu_236_p2  |       xor|   0|  0|   2|           1|           1|
    |xor_ln844_14_fu_242_p2  |       xor|   0|  0|   2|           1|           1|
    |xor_ln844_15_fu_248_p2  |       xor|   0|  0|   2|           1|           1|
    |xor_ln844_16_fu_254_p2  |       xor|   0|  0|   2|           1|           1|
    |xor_ln844_17_fu_260_p2  |       xor|   0|  0|   2|           1|           1|
    |xor_ln844_18_fu_388_p2  |       xor|   0|  0|   2|           1|           2|
    |xor_ln844_1_fu_136_p2   |       xor|   0|  0|   2|           1|           1|
    |xor_ln844_2_fu_142_p2   |       xor|   0|  0|   2|           1|           1|
    |xor_ln844_3_fu_164_p2   |       xor|   0|  0|   2|           1|           1|
    |xor_ln844_4_fu_178_p2   |       xor|   0|  0|   2|           1|           1|
    |xor_ln844_5_fu_184_p2   |       xor|   0|  0|   2|           1|           1|
    |xor_ln844_6_fu_194_p2   |       xor|   0|  0|   2|           1|           1|
    |xor_ln844_7_fu_200_p2   |       xor|   0|  0|   2|           1|           1|
    |xor_ln844_8_fu_206_p2   |       xor|   0|  0|   2|           1|           1|
    |xor_ln844_9_fu_212_p2   |       xor|   0|  0|   2|           1|           1|
    |xor_ln844_fu_130_p2     |       xor|   0|  0|   2|           1|           1|
    +------------------------+----------+----+---+----+------------+------------+
    |Total                   |          |   0|  0| 151|          89|          88|
    +------------------------+----------+----+---+----+------------+------------+

    * Multiplexer: 
    N/A

    * Register: 
    +-------------------------+---+----+-----+-----------+
    |           Name          | FF| LUT| Bits| Const Bits|
    +-------------------------+---+----+-----+-----------+
    |ap_CS_fsm                |  1|   0|    1|          0|
    |ap_enable_reg_pp0_iter1  |  1|   0|    1|          0|
    |data_in_read_reg_632     |  8|   0|    8|          0|
    |tmp_10_reg_651           |  1|   0|    1|          0|
    |tmp_11_reg_659           |  1|   0|    1|          0|
    |tmp_12_reg_669           |  1|   0|    1|          0|
    |tmp_9_reg_644            |  1|   0|    1|          0|
    |xor_ln83_reg_637         |  1|   0|    1|          0|
    +-------------------------+---+----+-----+-----------+
    |Total                    | 15|   0|   15|          0|
    +-------------------------+---+----+-----+-----------+



================================================================
== Interface
================================================================
* Summary: 
+-----------------+-----+-----+------------+--------------+--------------+
|    RTL Ports    | Dir | Bits|  Protocol  | Source Object|    C Type    |
+-----------------+-----+-----+------------+--------------+--------------+
|ap_clk           |   in|    1|  ap_ctrl_hs|   ecc_decoder|  return value|
|ap_rst           |   in|    1|  ap_ctrl_hs|   ecc_decoder|  return value|
|ap_start         |   in|    1|  ap_ctrl_hs|   ecc_decoder|  return value|
|ap_done          |  out|    1|  ap_ctrl_hs|   ecc_decoder|  return value|
|ap_idle          |  out|    1|  ap_ctrl_hs|   ecc_decoder|  return value|
|ap_ready         |  out|    1|  ap_ctrl_hs|   ecc_decoder|  return value|
|data_in          |   in|    8|     ap_none|       data_in|        scalar|
|ecc_in           |   in|    5|     ap_none|        ecc_in|        scalar|
|output_r         |  out|    8|      ap_vld|      output_r|       pointer|
|output_r_ap_vld  |  out|    1|      ap_vld|      output_r|       pointer|
|valid            |  out|    1|      ap_vld|         valid|       pointer|
|valid_ap_vld     |  out|    1|      ap_vld|         valid|       pointer|
+-----------------+-----+-----+------------+--------------+--------------+

