

================================================================
== Vitis HLS Report for 'ecc_decoder'
================================================================
* Date:           Tue Dec  7 19:11:15 2021

* Version:        2021.1 (Build 3247384 on Thu Jun 10 19:36:33 MDT 2021)
* Project:        ecc
* Solution:       solution1 (Vivado IP Flow Target)
* Product family: zynq
* Target device:  xc7z020-clg400-1


================================================================
== Performance Estimates
================================================================
+ Timing: 
    * Summary: 
    +--------+----------+----------+------------+
    |  Clock |  Target  | Estimated| Uncertainty|
    +--------+----------+----------+------------+
    |ap_clk  |  10.00 ns|  5.634 ns|     2.70 ns|
    +--------+----------+----------+------------+

+ Latency: 
    * Summary: 
    +---------+---------+----------+----------+-----+-----+---------+
    |  Latency (cycles) |  Latency (absolute) |  Interval | Pipeline|
    |   min   |   max   |    min   |    max   | min | max |   Type  |
    +---------+---------+----------+----------+-----+-----+---------+
    |      173|      173|  1.730 us|  1.730 us|  174|  174|       no|
    +---------+---------+----------+----------+-----+-----+---------+

    + Detail: 
        * Instance: 
        N/A

        * Loop: 
        +--------------------+---------+---------+----------+-----------+-----------+------+----------+
        |                    |  Latency (cycles) | Iteration|  Initiation Interval  | Trip |          |
        |      Loop Name     |   min   |   max   |  Latency |  achieved |   target  | Count| Pipelined|
        +--------------------+---------+---------+----------+-----------+-----------+------+----------+
        |- VITIS_LOOP_38_1   |       10|       10|         2|          -|          -|     5|        no|
        |- VITIS_LOOP_46_2   |       55|       55|        11|          -|          -|     5|        no|
        | + VITIS_LOOP_52_3  |        8|        8|         1|          -|          -|     8|        no|
        |- VITIS_LOOP_76_4   |       96|       96|        12|          -|          -|     8|        no|
        | + VITIS_LOOP_79_5  |       10|       10|         2|          -|          -|     5|        no|
        |- VITIS_LOOP_98_6   |        8|        8|         1|          -|          -|     8|        no|
        +--------------------+---------+---------+----------+-----------+-----------+------+----------+



================================================================
== Utilization Estimates
================================================================
* Summary: 
+-----------------+---------+-----+--------+-------+-----+
|       Name      | BRAM_18K| DSP |   FF   |  LUT  | URAM|
+-----------------+---------+-----+--------+-------+-----+
|DSP              |        -|    -|       -|      -|    -|
|Expression       |        -|    -|       0|    203|    -|
|FIFO             |        -|    -|       -|      -|    -|
|Instance         |        -|    -|       -|      -|    -|
|Memory           |        0|    -|      24|      2|    0|
|Multiplexer      |        -|    -|       -|    168|    -|
|Register         |        -|    -|      88|      -|    -|
+-----------------+---------+-----+--------+-------+-----+
|Total            |        0|    0|     112|    373|    0|
+-----------------+---------+-----+--------+-------+-----+
|Available        |      280|  220|  106400|  53200|    0|
+-----------------+---------+-----+--------+-------+-----+
|Utilization (%)  |        0|    0|      ~0|     ~0|    0|
+-----------------+---------+-----+--------+-------+-----+

+ Detail: 
    * Instance: 
    N/A

    * DSP: 
    N/A

    * Memory: 
    +--------------+------------+---------+----+----+-----+------+-----+------+-------------+
    |    Memory    |   Module   | BRAM_18K| FF | LUT| URAM| Words| Bits| Banks| W*Bits*Banks|
    +--------------+------------+---------+----+----+-----+------+-----+------+-------------+
    |pattern_U     |pattern     |        0|   8|   1|    0|     5|    8|     1|           40|
    |temp_bit_V_U  |temp_bit_V  |        0|  16|   1|    0|     5|    8|     1|           40|
    +--------------+------------+---------+----+----+-----+------+-----+------+-------------+
    |Total         |            |        0|  24|   2|    0|    10|   16|     2|           80|
    +--------------+------------+---------+----+----+-----+------+-----+------+-------------+

    * FIFO: 
    N/A

    * Expression: 
    +------------------------+----------+----+---+----+------------+------------+
    |      Variable Name     | Operation| DSP| FF| LUT| Bitwidth P0| Bitwidth P1|
    +------------------------+----------+----+---+----+------------+------------+
    |add_ln38_fu_236_p2      |         +|   0|  0|  11|           3|           1|
    |i_10_fu_277_p2          |         +|   0|  0|  11|           3|           1|
    |i_12_fu_509_p2          |         +|   0|  0|  13|           4|           1|
    |i_13_fu_379_p2          |         +|   0|  0|  13|           4|           1|
    |j_1_fu_310_p2           |         +|   0|  0|  13|           4|           1|
    |j_3_fu_420_p2           |         +|   0|  0|  11|           3|           1|
    |sum_flip_V_1_fu_535_p2  |         +|   0|  0|  13|           4|           4|
    |and_ln819_fu_436_p2     |       and|   0|  0|   5|           5|           5|
    |p_Repl2_1_fu_476_p2     |       and|   0|  0|   2|           1|           1|
    |temp_bit_V_d0           |       and|   0|  0|   8|           8|           8|
    |valid                   |       and|   0|  0|   2|           1|           1|
    |icmp_ln1053_fu_555_p2   |      icmp|   0|  0|  11|           8|           1|
    |icmp_ln38_fu_230_p2     |      icmp|   0|  0|   8|           3|           3|
    |icmp_ln46_fu_271_p2     |      icmp|   0|  0|   8|           3|           3|
    |icmp_ln52_fu_304_p2     |      icmp|   0|  0|   9|           4|           5|
    |icmp_ln76_fu_373_p2     |      icmp|   0|  0|   9|           4|           5|
    |icmp_ln79_fu_414_p2     |      icmp|   0|  0|   8|           3|           3|
    |icmp_ln98_fu_503_p2     |      icmp|   0|  0|   9|           4|           5|
    |p_Result_5_fu_441_p2    |      icmp|   0|  0|   9|           5|           1|
    |shl_ln819_fu_430_p2     |       shl|   0|  0|  11|           1|           5|
    |output_r                |       xor|   0|  0|   8|           8|           8|
    |p_Repl2_s_fu_338_p2     |       xor|   0|  0|   2|           1|           1|
    |ret_3_fu_283_p2         |       xor|   0|  0|   5|           5|           5|
    |xor_ln83_1_fu_470_p2    |       xor|   0|  0|   2|           1|           2|
    |xor_ln83_fu_465_p2      |       xor|   0|  0|   2|           1|           1|
    +------------------------+----------+----+---+----+------------+------------+
    |Total                   |          |   0|  0| 203|          91|          73|
    +------------------------+----------+----+---+----+------------+------------+

    * Multiplexer: 
    +---------------------+----+-----------+-----+-----------+
    |         Name        | LUT| Input Size| Bits| Total Bits|
    +---------------------+----+-----------+-----+-----------+
    |ap_NS_fsm            |  59|         11|    1|         11|
    |check_bits_V_fu_100  |   9|          2|    5|         10|
    |flip_V_fu_108        |   9|          2|    8|         16|
    |i_1_fu_96            |   9|          2|    3|          6|
    |i_2_fu_104           |   9|          2|    4|          8|
    |i_4_fu_116           |   9|          2|    4|          8|
    |i_fu_88              |   9|          2|    3|          6|
    |j_2_reg_197          |   9|          2|    3|          6|
    |j_reg_186            |   9|          2|    4|          8|
    |pattern_address0     |  14|          3|    3|          9|
    |sum_flip_V_fu_112    |   9|          2|    4|          8|
    |temp_bit_V_address0  |  14|          3|    3|          9|
    +---------------------+----+-----------+-----+-----------+
    |Total                | 168|         35|   45|        105|
    +---------------------+----+-----------+-----+-----------+

    * Register: 
    +-----------------------+----+----+-----+-----------+
    |          Name         | FF | LUT| Bits| Const Bits|
    +-----------------------+----+----+-----+-----------+
    |ap_CS_fsm              |  10|   0|   10|          0|
    |check_bits_V_fu_100    |   5|   0|    5|          0|
    |flip_V_fu_108          |   8|   0|    8|          0|
    |i_10_reg_619           |   3|   0|    3|          0|
    |i_1238_cast_reg_648    |   3|   0|    5|          2|
    |i_13_reg_679           |   4|   0|    4|          0|
    |i_1_cast1_reg_658      |   3|   0|   32|         29|
    |i_1_fu_96              |   3|   0|    3|          0|
    |i_2_cast_cast_reg_684  |   3|   0|    8|          5|
    |i_2_fu_104             |   4|   0|    4|          0|
    |i_4_fu_116             |   4|   0|    4|          0|
    |i_fu_88                |   3|   0|    3|          0|
    |j_2_reg_197            |   3|   0|    3|          0|
    |j_3_reg_707            |   3|   0|    3|          0|
    |j_reg_186              |   4|   0|    4|          0|
    |p_Result_5_reg_712     |   1|   0|    1|          0|
    |p_Val2_s_reg_653       |   8|   0|    8|          0|
    |ret_3_reg_643          |   5|   0|    5|          0|
    |sum_flip_V_fu_112      |   4|   0|    4|          0|
    |zext_ln38_reg_586      |   3|   0|   64|         61|
    |zext_ln76_reg_671      |   4|   0|   32|         28|
    +-----------------------+----+----+-----+-----------+
    |Total                  |  88|   0|  213|        125|
    +-----------------------+----+----+-----+-----------+



================================================================
== Interface
================================================================
* Summary: 
+-----------------+-----+-----+------------+--------------+--------------+
|    RTL Ports    | Dir | Bits|  Protocol  | Source Object|    C Type    |
+-----------------+-----+-----+------------+--------------+--------------+
|ap_clk           |   in|    1|  ap_ctrl_hs|   ecc_decoder|  return value|
|ap_rst           |   in|    1|  ap_ctrl_hs|   ecc_decoder|  return value|
|ap_start         |   in|    1|  ap_ctrl_hs|   ecc_decoder|  return value|
|ap_done          |  out|    1|  ap_ctrl_hs|   ecc_decoder|  return value|
|ap_idle          |  out|    1|  ap_ctrl_hs|   ecc_decoder|  return value|
|ap_ready         |  out|    1|  ap_ctrl_hs|   ecc_decoder|  return value|
|data_in          |   in|    8|     ap_none|       data_in|        scalar|
|ecc_in           |   in|    5|     ap_none|        ecc_in|        scalar|
|output_r         |  out|    8|      ap_vld|      output_r|       pointer|
|output_r_ap_vld  |  out|    1|      ap_vld|      output_r|       pointer|
|valid            |  out|    1|      ap_vld|         valid|       pointer|
|valid_ap_vld     |  out|    1|      ap_vld|         valid|       pointer|
+-----------------+-----+-----+------------+--------------+--------------+

